In file included from [01m[K/home/sena/turtle_drive/src/Turtles/turtle_control/src/turtle_hardware.cpp:35:0[m[K:
[01m[K/home/sena/turtle_drive/src/Turtles/turtle_control/include/turtle_control/turtle_hardware.h:[m[K In constructor â€˜[01m[Kturtle_control::TurtleHardware::InspvaData::InspvaData()[m[Kâ€™:
[01m[K/home/sena/turtle_drive/src/Turtles/turtle_control/include/turtle_control/turtle_hardware.h:112:51:[m[K [01;31m[Kerror: [m[Kclass â€˜[01m[Kturtle_control::TurtleHardware::InspvaData[m[Kâ€™ does not have any field named â€˜[01m[Kx_vel[m[Kâ€™
     InspvaData() : pitch(0), roll(0), azimuth(0), x_vel(0), y_vel(0), z_vel(0)
[01;32m[K                                                   ^[m[K
[01m[K/home/sena/turtle_drive/src/Turtles/turtle_control/include/turtle_control/turtle_hardware.h:112:61:[m[K [01;31m[Kerror: [m[Kclass â€˜[01m[Kturtle_control::TurtleHardware::InspvaData[m[Kâ€™ does not have any field named â€˜[01m[Ky_vel[m[Kâ€™
     InspvaData() : pitch(0), roll(0), azimuth(0), x_vel(0), y_vel(0), z_vel(0)
[01;32m[K                                                             ^[m[K
[01m[K/home/sena/turtle_drive/src/Turtles/turtle_control/include/turtle_control/turtle_hardware.h:112:71:[m[K [01;31m[Kerror: [m[Kclass â€˜[01m[Kturtle_control::TurtleHardware::InspvaData[m[Kâ€™ does not have any field named â€˜[01m[Kz_vel[m[Kâ€™
     InspvaData() : pitch(0), roll(0), azimuth(0), x_vel(0), y_vel(0), z_vel(0)
[01;32m[K                                                                       ^[m[K
[01m[K/home/sena/turtle_drive/src/Turtles/turtle_control/src/turtle_hardware.cpp:[m[K In member function â€˜[01m[Kvoid turtle_control::TurtleHardware::subscribeToImu()[m[Kâ€™:
[01m[K/home/sena/turtle_drive/src/Turtles/turtle_control/src/turtle_hardware.cpp:84:16:[m[K [01;31m[Kerror: [m[Kâ€˜[01m[Kstruct turtle_control::TurtleHardware::InspvaData[m[Kâ€™ has no member named â€˜[01m[Kx_vel[m[Kâ€™
   inspva_data_.x_vel = inspva_data_msg_.north_velocity;
[01;32m[K                ^[m[K
[01m[K/home/sena/turtle_drive/src/Turtles/turtle_control/src/turtle_hardware.cpp:85:16:[m[K [01;31m[Kerror: [m[Kâ€˜[01m[Kstruct turtle_control::TurtleHardware::InspvaData[m[Kâ€™ has no member named â€˜[01m[Ky_vel[m[Kâ€™
   inspva_data_.y_vel = inspva_data_msg_.east_velocity;
[01;32m[K                ^[m[K
[01m[K/home/sena/turtle_drive/src/Turtles/turtle_control/src/turtle_hardware.cpp:86:16:[m[K [01;31m[Kerror: [m[Kâ€˜[01m[Kstruct turtle_control::TurtleHardware::InspvaData[m[Kâ€™ has no member named â€˜[01m[Kz_vel[m[Kâ€™
   inspva_data_.z_vel = inspva_data_msg_.up_velocity;
[01;32m[K                ^[m[K
[01m[K/home/sena/turtle_drive/src/Turtles/turtle_control/src/turtle_hardware.cpp:[m[K In member function â€˜[01m[Kvoid turtle_control::TurtleHardware::publishDriveFromMath()[m[Kâ€™:
[01m[K/home/sena/turtle_drive/src/Turtles/turtle_control/src/turtle_hardware.cpp:148:3:[m[K [01;31m[Kerror: [m[Kexpected initializer before â€˜[01m[Kfloat[m[Kâ€™
   float prev_xVel_err
[01;32m[K   ^[m[K
[01m[K/home/sena/turtle_drive/src/Turtles/turtle_control/src/turtle_hardware.cpp:155:3:[m[K [01;31m[Kerror: [m[Kâ€˜[01m[Kright_msg[m[Kâ€™ was not declared in this scope
   right_msg.mode=0;
[01;32m[K   ^[m[K
make[2]: *** [CMakeFiles/turtle_control.dir/src/turtle_hardware.cpp.o] Error 1
make[1]: *** [CMakeFiles/turtle_control.dir/all] Error 2
make: *** [all] Error 2
