In file included from [01m[K/home/trex/turtle_drive/src/Turtles/turtle_control/src/turtle_hardware.cpp:35:0[m[K:
[01m[K/home/trex/turtle_drive/src/Turtles/turtle_control/include/turtle_control/turtle_hardware.h:[m[K In constructor â€˜[01m[Kturtle_control::TurtleHardware::Corrimudata::Corrimudata()[m[Kâ€™:
[01m[K/home/trex/turtle_drive/src/Turtles/turtle_control/include/turtle_control/turtle_hardware.h:123:63:[m[K [01;31m[Kerror: [m[Kclass â€˜[01m[Kturtle_control::TurtleHardware::Corrimudata[m[Kâ€™ does not have any field named â€˜[01m[Klateral_acceleration[m[Kâ€™
     Corrimudata() : pitch_rate(0), roll_rate(0), yaw_rate(0), lateral_acceleration(0), longitudinal_acceleration(0), vertical_acceleration(0)
[01;32m[K                                                               ^[m[K
[01m[K/home/trex/turtle_drive/src/Turtles/turtle_control/include/turtle_control/turtle_hardware.h:123:88:[m[K [01;31m[Kerror: [m[Kclass â€˜[01m[Kturtle_control::TurtleHardware::Corrimudata[m[Kâ€™ does not have any field named â€˜[01m[Klongitudinal_acceleration[m[Kâ€™
     Corrimudata() : pitch_rate(0), roll_rate(0), yaw_rate(0), lateral_acceleration(0), longitudinal_acceleration(0), vertical_acceleration(0)
[01;32m[K                                                                                        ^[m[K
[01m[K/home/trex/turtle_drive/src/Turtles/turtle_control/include/turtle_control/turtle_hardware.h:123:118:[m[K [01;31m[Kerror: [m[Kclass â€˜[01m[Kturtle_control::TurtleHardware::Corrimudata[m[Kâ€™ does not have any field named â€˜[01m[Kvertical_acceleration[m[Kâ€™
     Corrimudata() : pitch_rate(0), roll_rate(0), yaw_rate(0), lateral_acceleration(0), longitudinal_acceleration(0), vertical_acceleration(0)
[01;32m[K                                                                                                                      ^[m[K
[01m[K/home/trex/turtle_drive/src/Turtles/turtle_control/src/turtle_hardware.cpp:[m[K In member function â€˜[01m[Kvoid turtle_control::TurtleHardware::subscribeToImu()[m[Kâ€™:
[01m[K/home/trex/turtle_drive/src/Turtles/turtle_control/src/turtle_hardware.cpp:79:3:[m[K [01;31m[Kerror: [m[Kâ€˜[01m[Kinspva_data_[m[Kâ€™ was not declared in this scope
   inspva_data_.pitch = inspva_data_msg_.pitch;
[01;32m[K   ^[m[K
[01m[K/home/trex/turtle_drive/src/Turtles/turtle_control/src/turtle_hardware.cpp:81:39:[m[K [01;31m[Kerror: [m[Kâ€˜[01m[Knovatel_gps_msgs::Inspva {aka struct novatel_gps_msgs::Inspva_<std::allocator<void> >}[m[Kâ€™ has no member named â€˜[01m[Kyaw[m[Kâ€™
   inspva_data_.yaw = inspva_data_msg_.yaw;
[01;32m[K                                       ^[m[K
[01m[K/home/trex/turtle_drive/src/Turtles/turtle_control/src/turtle_hardware.cpp:[m[K At global scope:
[01m[K/home/trex/turtle_drive/src/Turtles/turtle_control/src/turtle_hardware.cpp:129:89:[m[K [01;31m[Kerror: [m[Kno â€˜[01m[Kvoid turtle_control::TurtleHardware::corrimuCallback(novatel_gps_msgs::NovatelCorrectedImuData)[m[Kâ€™ member function declared in class â€˜[01m[Kturtle_control::TurtleHardware[m[Kâ€™
 void TurtleHardware::corrimuCallback(const novatel_gps_msgs::NovatelCorrectedImuData msg)
[01;32m[K                                                                                         ^[m[K
make[2]: *** [CMakeFiles/turtle_control.dir/src/turtle_hardware.cpp.o] Error 1
make[1]: *** [CMakeFiles/turtle_control.dir/all] Error 2
make: *** [all] Error 2
