[01m[K/home/sena/turtle_drive/src/Turtles/turtle_control/src/turtle_hardware.cpp:197:6:[m[K [01;31m[Kerror: [m[Kprototype for â€˜[01m[Kvoid turtle_control::TurtleHardware::cmdvelCallback(geometry_msgs::Twist)[m[Kâ€™ does not match any in class â€˜[01m[Kturtle_control::TurtleHardware[m[Kâ€™
 void TurtleHardware::cmdvelCallback(const geometry_msgs::Twist msg)
[01;32m[K      ^[m[K
In file included from [01m[K/home/sena/turtle_drive/src/Turtles/turtle_control/src/turtle_hardware.cpp:35:0[m[K:
[01m[K/home/sena/turtle_drive/src/Turtles/turtle_control/include/turtle_control/turtle_hardware.h:71:8:[m[K [01;31m[Kerror: [m[Kcandidate is: void turtle_control::TurtleHardware::cmdvelCallback(sensor_msgs::Joy)
   void cmdvelCallback(const sensor_msgs::Joy msg);
[01;32m[K        ^[m[K
make[2]: *** [CMakeFiles/turtle_control.dir/src/turtle_hardware.cpp.o] Error 1
make[1]: *** [CMakeFiles/turtle_control.dir/all] Error 2
make: *** [all] Error 2
