[ 66%] Built target turtle_control
[ 66%] Built target teleop_turtle
[35m[1mScanning dependencies of target turtle_base[0m
[ 83%] [32mBuilding CXX object CMakeFiles/turtle_base.dir/src/turtle_base.cpp.o[0m
[01m[K/home/sena/turtle_drive/src/Turtles/turtle_control/src/turtle_base.cpp:[m[K In function â€˜[01m[Kvoid controlThread(ros::Rate, turtle_control::TurtleHardware*, controller_manager::ControllerManager*)[m[Kâ€™:
[01m[K/home/sena/turtle_drive/src/Turtles/turtle_control/src/turtle_base.cpp:65:5:[m[K [01;31m[Kerror: [m[Kexpected â€˜[01m[K}[m[Kâ€™ before â€˜[01m[Kelse[m[Kâ€™
     else if (ros::param::get("imu", odom_type))
[01;32m[K     ^[m[K
[01m[K/home/sena/turtle_drive/src/Turtles/turtle_control/src/turtle_base.cpp:66:14:[m[K [01;31m[Kerror: [m[Kâ€˜[01m[Kclass turtle_control::TurtleHardware[m[Kâ€™ has no member named â€˜[01m[KpublishDriverFromMath[m[Kâ€™
       robot->publishDriverFromMath();
[01;32m[K              ^[m[K
[01m[K/home/sena/turtle_drive/src/Turtles/turtle_control/src/turtle_base.cpp:[m[K At global scope:
[01m[K/home/sena/turtle_drive/src/Turtles/turtle_control/src/turtle_base.cpp:69:1:[m[K [01;31m[Kerror: [m[Kexpected declaration before â€˜[01m[K}[m[Kâ€™ token
 }
[01;32m[K ^[m[K
CMakeFiles/turtle_base.dir/build.make:62: recipe for target 'CMakeFiles/turtle_base.dir/src/turtle_base.cpp.o' failed
make[2]: *** [CMakeFiles/turtle_base.dir/src/turtle_base.cpp.o] Error 1
CMakeFiles/Makefile2:67: recipe for target 'CMakeFiles/turtle_base.dir/all' failed
make[1]: *** [CMakeFiles/turtle_base.dir/all] Error 2
Makefile:138: recipe for target 'all' failed
make: *** [all] Error 2
