In file included from [01m[K/home/trex/turtle_drive/src/Turtles/turtle_control/src/turtle_hardware.cpp:35:0[m[K:
[01m[K/home/trex/turtle_drive/src/Turtles/turtle_control/include/turtle_control/turtle_hardware.h:[m[K In constructor â€˜[01m[Kturtle_control::TurtleHardware::Corrimudata::Corrimudata()[m[Kâ€™:
[01m[K/home/trex/turtle_drive/src/Turtles/turtle_control/include/turtle_control/turtle_hardware.h:134:63:[m[K [01;31m[Kerror: [m[Kclass â€˜[01m[Kturtle_control::TurtleHardware::Corrimudata[m[Kâ€™ does not have any field named â€˜[01m[Klateral_acceleration[m[Kâ€™
     Corrimudata() : pitch_rate(0), roll_rate(0), yaw_rate(0), lateral_acceleration(0), longitudinal_acceleration(0), vertical_acceleration(0)
[01;32m[K                                                               ^[m[K
[01m[K/home/trex/turtle_drive/src/Turtles/turtle_control/include/turtle_control/turtle_hardware.h:134:88:[m[K [01;31m[Kerror: [m[Kclass â€˜[01m[Kturtle_control::TurtleHardware::Corrimudata[m[Kâ€™ does not have any field named â€˜[01m[Klongitudinal_acceleration[m[Kâ€™
     Corrimudata() : pitch_rate(0), roll_rate(0), yaw_rate(0), lateral_acceleration(0), longitudinal_acceleration(0), vertical_acceleration(0)
[01;32m[K                                                                                        ^[m[K
[01m[K/home/trex/turtle_drive/src/Turtles/turtle_control/include/turtle_control/turtle_hardware.h:134:118:[m[K [01;31m[Kerror: [m[Kclass â€˜[01m[Kturtle_control::TurtleHardware::Corrimudata[m[Kâ€™ does not have any field named â€˜[01m[Kvertical_acceleration[m[Kâ€™
     Corrimudata() : pitch_rate(0), roll_rate(0), yaw_rate(0), lateral_acceleration(0), longitudinal_acceleration(0), vertical_acceleration(0)
[01;32m[K                                                                                                                      ^[m[K
make[2]: *** [CMakeFiles/turtle_control.dir/src/turtle_hardware.cpp.o] Error 1
make[1]: *** [CMakeFiles/turtle_control.dir/all] Error 2
make: *** [all] Error 2
