In file included from [01m[K/home/trex/turtle_drive/src/Turtles/turtle_control/src/turtle_hardware.cpp:35:0[m[K:
[01m[K/home/trex/turtle_drive/src/Turtles/turtle_control/include/turtle_control/turtle_hardware.h:133:14:[m[K [01;31m[Kerror: [m[KISO C++ forbids declaration of â€˜[01m[KInsstdev[m[Kâ€™ with no type [-fpermissive]
     Insstdev() : roll_dev(0), pitch_dev(0), azimuth_dev(0)
[01;32m[K              ^[m[K
[01m[K/home/trex/turtle_drive/src/Turtles/turtle_control/include/turtle_control/turtle_hardware.h:[m[K In member function â€˜[01m[Kint turtle_control::TurtleHardware::InsstdevData::Insstdev()[m[Kâ€™:
[01m[K/home/trex/turtle_drive/src/Turtles/turtle_control/include/turtle_control/turtle_hardware.h:133:18:[m[K [01;31m[Kerror: [m[Konly constructors take member initializers
     Insstdev() : roll_dev(0), pitch_dev(0), azimuth_dev(0)
[01;32m[K                  ^[m[K
[01m[K/home/trex/turtle_drive/src/Turtles/turtle_control/src/turtle_hardware.cpp:[m[K In member function â€˜[01m[Kvoid turtle_control::TurtleHardware::subscribeToImu()[m[Kâ€™:
[01m[K/home/trex/turtle_drive/src/Turtles/turtle_control/src/turtle_hardware.cpp:91:3:[m[K [01;31m[Kerror: [m[Kâ€˜[01m[Kimu[m[Kâ€™ was not declared in this scope
   imu.orientation = tf::createQuaternionMsgFromRollPitchYaw(inspva_data_.roll * deg2rad,
[01;32m[K   ^[m[K
[01m[K/home/trex/turtle_drive/src/Turtles/turtle_control/src/turtle_hardware.cpp:91:21:[m[K [01;31m[Kerror: [m[Kâ€˜[01m[Ktf[m[Kâ€™ has not been declared
   imu.orientation = tf::createQuaternionMsgFromRollPitchYaw(inspva_data_.roll * deg2rad,
[01;32m[K                     ^[m[K
[01m[K/home/trex/turtle_drive/src/Turtles/turtle_control/src/turtle_hardware.cpp:[m[K In member function â€˜[01m[Kvoid turtle_control::TurtleHardware::insstdevCallback(novatel_gps_msgs::Insstdev)[m[Kâ€™:
[01m[K/home/trex/turtle_drive/src/Turtles/turtle_control/src/turtle_hardware.cpp:236:3:[m[K [01;31m[Kerror: [m[Kâ€˜[01m[Kinsstdev_data_msg_[m[Kâ€™ was not declared in this scope
   insstdev_data_msg_ = msg;
[01;32m[K   ^[m[K
make[2]: *** [CMakeFiles/turtle_control.dir/src/turtle_hardware.cpp.o] Error 1
make[1]: *** [CMakeFiles/turtle_control.dir/all] Error 2
make: *** [all] Error 2
