[01m[K/home/sena/turtle_drive/src/Turtles/turtle_control/src/turtle_base.cpp:[m[K In function â€˜[01m[Kvoid controlThread(ros::Rate, turtle_control::TurtleHardware*, controller_manager::ControllerManager*)[m[Kâ€™:
[01m[K/home/sena/turtle_drive/src/Turtles/turtle_control/src/turtle_base.cpp:49:3:[m[K [01;31m[Kerror: [m[Kexpected initializer before â€˜[01m[Kwhile[m[Kâ€™
   while (1)
[01;32m[K   ^[m[K
[01m[K/home/sena/turtle_drive/src/Turtles/turtle_control/src/turtle_base.cpp:86:1:[m[K [01;31m[Kerror: [m[Kexpected â€˜[01m[K}[m[Kâ€™ at end of input
 }
[01;32m[K ^[m[K
make[2]: *** [CMakeFiles/turtle_base.dir/src/turtle_base.cpp.o] Error 1
make[1]: *** [CMakeFiles/turtle_base.dir/all] Error 2
make: *** [all] Error 2
