[01m[K/home/sena/turtle_drive/src/Turtles/turtle_control/src/turtle_base.cpp:[m[K In function â€˜[01m[Kvoid controlThread(ros::Rate, turtle_control::TurtleHardware*, controller_manager::ControllerManager*)[m[Kâ€™:
[01m[K/home/sena/turtle_drive/src/Turtles/turtle_control/src/turtle_base.cpp:65:5:[m[K [01;31m[Kerror: [m[Kexpected â€˜[01m[K}[m[Kâ€™ before â€˜[01m[Kelse[m[Kâ€™
     else if (ros::param::get("imu", odom_type))
[01;32m[K     ^[m[K
[01m[K/home/sena/turtle_drive/src/Turtles/turtle_control/src/turtle_base.cpp:66:14:[m[K [01;31m[Kerror: [m[Kâ€˜[01m[Kclass turtle_control::TurtleHardware[m[Kâ€™ has no member named â€˜[01m[KpublishDriverFromMath[m[Kâ€™
       robot->publishDriverFromMath();
[01;32m[K              ^[m[K
[01m[K/home/sena/turtle_drive/src/Turtles/turtle_control/src/turtle_base.cpp:[m[K At global scope:
[01m[K/home/sena/turtle_drive/src/Turtles/turtle_control/src/turtle_base.cpp:69:1:[m[K [01;31m[Kerror: [m[Kexpected declaration before â€˜[01m[K}[m[Kâ€™ token
 }
[01;32m[K ^[m[K
make[2]: *** [CMakeFiles/turtle_base.dir/src/turtle_base.cpp.o] Error 1
make[1]: *** [CMakeFiles/turtle_base.dir/all] Error 2
make: *** [all] Error 2
