[01m[K/home/sena/turtle_drive/src/Turtles/turtle_control/src/turtle_hardware.cpp:[m[K In member function â€˜[01m[Kvoid turtle_control::TurtleHardware::cmdvelCallback(sensor_msgs::Joy)[m[Kâ€™:
[01m[K/home/sena/turtle_drive/src/Turtles/turtle_control/src/turtle_hardware.cpp:200:41:[m[K [01;31m[Kerror: [m[Kâ€˜[01m[Kcmd_vel_msg_mitex_[m[Kâ€™ was not declared in this scope
   boost::mutex::scoped_lock cmdvel_lock(cmd_vel_msg_mitex_);
[01;32m[K                                         ^[m[K
[01m[K/home/sena/turtle_drive/src/Turtles/turtle_control/src/turtle_hardware.cpp:201:3:[m[K [01;31m[Kerror: [m[Kâ€˜[01m[Kcmd_vel_msg_[m[Kâ€™ was not declared in this scope
   cmd_vel_msg_ = msg;
[01;32m[K   ^[m[K
make[2]: *** [CMakeFiles/turtle_control.dir/src/turtle_hardware.cpp.o] Error 1
make[1]: *** [CMakeFiles/turtle_control.dir/all] Error 2
make: *** [all] Error 2
